<?xml version="1.0" encoding="UTF-8"?>
<!-- Generated by org.testng.reporters.JUnitReportReporter -->
<testsuite skipped="0" hostname="P3A-HQHRXJ2" name="demoActions.Drag_n_Drop" tests="1" failures="0" timestamp="24 Sep 2019 05:02:57 GMT" time="2.633" errors="0">
  <testcase name="f" time="2.633" classname="demoActions.Drag_n_Drop"/>
</testsuite> <!-- demoActions.Drag_n_Drop -->
