<?xml version="1.0" encoding="UTF-8"?>
<!-- Generated by org.testng.reporters.JUnitReportReporter -->
<testsuite skipped="0" hostname="P3A-HQHRXJ2" name="testngFeatures.ExecutionSequence" tests="1" failures="0" timestamp="23 Sep 2019 04:36:51 GMT" time="0.014" errors="0">
  <testcase name="f" time="0.014" classname="testngFeatures.ExecutionSequence"/>
</testsuite> <!-- testngFeatures.ExecutionSequence -->
