<?xml version="1.0" encoding="UTF-8"?>
<!-- Generated by org.testng.reporters.JUnitReportReporter -->
<testsuite skipped="0" hostname="P3A-HQHRXJ2" name="switching_windows_frames.DemoWindows" tests="1" failures="0" timestamp="24 Sep 2019 06:16:34 GMT" time="5.998" errors="0">
  <testcase name="f" time="5.998" classname="switching_windows_frames.DemoWindows"/>
</testsuite> <!-- switching_windows_frames.DemoWindows -->
