<?xml version="1.0" encoding="UTF-8"?>
<!-- Generated by org.testng.reporters.JUnitReportReporter -->
<testsuite skipped="0" hostname="P3A-HQHRXJ2" name="demoActions.FindProduct" tests="1" failures="0" timestamp="24 Sep 2019 04:40:35 GMT" time="2.178" errors="0">
  <testcase name="f" time="2.178" classname="demoActions.FindProduct"/>
</testsuite> <!-- demoActions.FindProduct -->
