<?xml version="1.0" encoding="UTF-8"?>
<!-- Generated by org.testng.reporters.JUnitReportReporter -->
<testsuite skipped="0" hostname="P3A-HQHRXJ2" name="demoWebDriverMethods.DemoRegistration" tests="1" failures="0" timestamp="23 Sep 2019 07:17:39 GMT" time="34.594" errors="0">
  <testcase name="f" time="34.594" classname="demoWebDriverMethods.DemoRegistration"/>
</testsuite> <!-- demoWebDriverMethods.DemoRegistration -->
