<?xml version="1.0" encoding="UTF-8"?>
<!-- Generated by org.testng.reporters.JUnitReportReporter -->
<testsuite skipped="0" hostname="P3A-HQHRXJ2" name="demoModule7_exel.WriteExel" tests="1" failures="0" timestamp="24 Sep 2019 08:47:08 GMT" time="0.782" errors="0">
  <testcase name="f" time="0.782" classname="demoModule7_exel.WriteExel"/>
</testsuite> <!-- demoModule7_exel.WriteExel -->
