<?xml version="1.0" encoding="UTF-8"?>
<!-- Generated by org.testng.reporters.JUnitReportReporter -->
<testsuite skipped="0" hostname="P3A-HQHRXJ2" name="demoActions.FindAddress" tests="1" failures="0" timestamp="24 Sep 2019 05:35:45 GMT" time="3.709" errors="0">
  <testcase name="f" time="3.709" classname="demoActions.FindAddress"/>
</testsuite> <!-- demoActions.FindAddress -->
