<?xml version="1.0" encoding="UTF-8"?>
<!-- Generated by org.testng.reporters.JUnitReportReporter -->
<testsuite skipped="0" hostname="P3A-HQHRXJ2" name="testngFeatures.OpenMercury" tests="1" failures="0" timestamp="23 Sep 2019 04:36:51 GMT" time="9.841" errors="0">
  <testcase name="f" time="9.841" classname="testngFeatures.OpenMercury"/>
</testsuite> <!-- testngFeatures.OpenMercury -->
