<?xml version="1.0" encoding="UTF-8"?>
<!-- Generated by org.testng.reporters.JUnitReportReporter -->
<testsuite skipped="0" hostname="P3A-HQHRXJ2" name="demoModule7_exel.WritetoTestme" tests="3" failures="0" timestamp="24 Sep 2019 11:43:40 GMT" time="7.980" errors="0">
  <testcase name="TestMeAppLogin" time="1.916" classname="demoModule7_exel.WritetoTestme"/>
  <testcase name="TestMeAppLogin" time="3.055" classname="demoModule7_exel.WritetoTestme"/>
  <testcase name="TestMeAppLogin" time="3.009" classname="demoModule7_exel.WritetoTestme"/>
</testsuite> <!-- demoModule7_exel.WritetoTestme -->
