<?xml version="1.0" encoding="UTF-8"?>
<!-- Generated by org.testng.reporters.JUnitReportReporter -->
<testsuite skipped="1" hostname="P3A-HQHRXJ2" name="testngFeatures.MercuryApplication" tests="7" failures="0" timestamp="23 Sep 2019 04:36:51 GMT" time="0.006" errors="0">
  <testcase name="openBrowser" time="0.001" classname="testngFeatures.MercuryApplication"/>
  <testcase name="openUrl" time="0.001" classname="testngFeatures.MercuryApplication"/>
  <testcase name="Login" time="0.001" classname="testngFeatures.MercuryApplication"/>
  <testcase name="searchFlight" time="0.001" classname="testngFeatures.MercuryApplication"/>
  <testcase name="logout" time="0.001" classname="testngFeatures.MercuryApplication"/>
  <testcase name="closeBrowser" time="0.001" classname="testngFeatures.MercuryApplication"/>
  <testcase name="bookflight" classname="testngFeatures.MercuryApplication">
    <skipped/>
  </testcase> <!-- bookflight -->
</testsuite> <!-- testngFeatures.MercuryApplication -->
