<?xml version="1.0" encoding="UTF-8"?>
<!-- Generated by org.testng.reporters.JUnitReportReporter -->
<testsuite skipped="0" hostname="P3A-HQHRXJ2" name="demoWebDriverMethods.DemWikipedia" tests="1" failures="0" timestamp="23 Sep 2019 09:16:53 GMT" time="10.073" errors="0">
  <testcase name="f" time="10.073" classname="demoWebDriverMethods.DemWikipedia"/>
</testsuite> <!-- demoWebDriverMethods.DemWikipedia -->
