<?xml version="1.0" encoding="UTF-8"?>
<!-- Generated by org.testng.reporters.JUnitReportReporter -->
<testsuite skipped="0" hostname="P3A-HQHRXJ2" name="demoActions.FindProduct2" tests="1" failures="0" timestamp="24 Sep 2019 05:09:21 GMT" time="2.314" errors="0">
  <testcase name="f" time="2.314" classname="demoActions.FindProduct2"/>
</testsuite> <!-- demoActions.FindProduct2 -->
