<?xml version="1.0" encoding="UTF-8"?>
<!-- Generated by org.testng.reporters.JUnitReportReporter -->
<testsuite skipped="0" hostname="P3A-HQHRXJ2" name="demoWebDriverMethods.HerokuApp" tests="1" failures="0" timestamp="23 Sep 2019 06:14:45 GMT" time="10.323" errors="0">
  <testcase name="f" time="10.323" classname="demoWebDriverMethods.HerokuApp"/>
</testsuite> <!-- demoWebDriverMethods.HerokuApp -->
