<?xml version="1.0" encoding="UTF-8"?>
<!-- Generated by org.testng.reporters.JUnitReportReporter -->
<testsuite skipped="0" hostname="P3A-HQHRXJ2" name="demoWebDriverMethods.LoginMercury" tests="1" failures="0" timestamp="23 Sep 2019 05:50:38 GMT" time="14.857" errors="0">
  <testcase name="f" time="14.857" classname="demoWebDriverMethods.LoginMercury"/>
</testsuite> <!-- demoWebDriverMethods.LoginMercury -->
