<?xml version="1.0" encoding="UTF-8"?>
<!-- Generated by org.testng.reporters.JUnitReportReporter -->
<testsuite skipped="0" hostname="P3A-HQHRXJ2" name="demoModule7_exel.ReadExel" tests="1" failures="0" timestamp="24 Sep 2019 08:27:11 GMT" time="2.198" errors="0">
  <testcase name="ReadExelSetOfData" time="2.198" classname="demoModule7_exel.ReadExel"/>
</testsuite> <!-- demoModule7_exel.ReadExel -->
