<?xml version="1.0" encoding="UTF-8"?>
<!-- Generated by org.testng.reporters.JUnitReportReporter -->
<testsuite skipped="0" hostname="P3A-HQHRXJ2" name="demoWebDriverMethods.DemoNavigate" tests="1" failures="0" timestamp="23 Sep 2019 09:32:30 GMT" time="23.353" errors="0">
  <testcase name="f" time="23.353" classname="demoWebDriverMethods.DemoNavigate"/>
</testsuite> <!-- demoWebDriverMethods.DemoNavigate -->
